<?xml version="1.0" encoding="UTF-8"?>
<testng-results ignored="0" total="1" passed="1" failed="0" skipped="0">
  <reporter-output>
  </reporter-output>
  <suite started-at="2024-07-18T15:33:45 IST" name="Default suite" finished-at="2024-07-18T15:33:58 IST" duration-ms="12844">
    <groups>
    </groups>
    <test started-at="2024-07-18T15:33:45 IST" name="Default test" finished-at="2024-07-18T15:33:58 IST" duration-ms="12844">
      <class name="Testing.Signup">
        <test-method is-config="true" signature="setup()[pri:0, instance:Testing.Signup@3023df74]" started-at="2024-07-18T15:33:45 IST" name="setup" finished-at="2024-07-18T15:33:50 IST" duration-ms="5488" status="PASS">
          <reporter-output>
          </reporter-output>
        </test-method> <!-- setup -->
        <test-method signature="SolarflowProject()[pri:0, instance:Testing.Signup@3023df74]" started-at="2024-07-18T15:33:51 IST" name="SolarflowProject" finished-at="2024-07-18T15:33:52 IST" duration-ms="1791" status="PASS">
          <reporter-output>
          </reporter-output>
        </test-method> <!-- SolarflowProject -->
        <test-method is-config="true" signature="teardown()[pri:0, instance:Testing.Signup@3023df74]" started-at="2024-07-18T15:33:52 IST" name="teardown" finished-at="2024-07-18T15:33:58 IST" duration-ms="5497" status="PASS">
          <reporter-output>
          </reporter-output>
        </test-method> <!-- teardown -->
      </class> <!-- Testing.Signup -->
    </test> <!-- Default test -->
  </suite> <!-- Default suite -->
</testng-results>
