<?xml version="1.0" encoding="UTF-8"?>
<testng-results ignored="0" total="1" passed="1" failed="0" skipped="0">
  <reporter-output>
  </reporter-output>
  <suite started-at="2024-07-18T15:59:55 IST" name="Default suite" finished-at="2024-07-18T16:00:08 IST" duration-ms="12538">
    <groups>
    </groups>
    <test started-at="2024-07-18T15:59:55 IST" name="Default test" finished-at="2024-07-18T16:00:08 IST" duration-ms="12538">
      <class name="Testing.Signup">
        <test-method is-config="true" signature="setup()[pri:0, instance:Testing.Signup@3023df74]" started-at="2024-07-18T15:59:55 IST" name="setup" finished-at="2024-07-18T16:00:01 IST" duration-ms="5267" status="PASS">
          <reporter-output>
          </reporter-output>
        </test-method> <!-- setup -->
        <test-method signature="Login()[pri:0, instance:Testing.Signup@3023df74]" started-at="2024-07-18T16:00:01 IST" name="Login" finished-at="2024-07-18T16:00:03 IST" duration-ms="1786" status="PASS">
          <reporter-output>
          </reporter-output>
        </test-method> <!-- Login -->
        <test-method is-config="true" signature="teardown()[pri:0, instance:Testing.Signup@3023df74]" started-at="2024-07-18T16:00:03 IST" name="teardown" finished-at="2024-07-18T16:00:08 IST" duration-ms="5433" status="PASS">
          <reporter-output>
          </reporter-output>
        </test-method> <!-- teardown -->
      </class> <!-- Testing.Signup -->
    </test> <!-- Default test -->
  </suite> <!-- Default suite -->
</testng-results>
