<?xml version="1.0" encoding="UTF-8"?>
<!-- Generated by org.testng.reporters.JUnitXMLReporter -->
<testsuite ignored="2" hostname="Arpitha" failures="0" tests="1" name="Default test" time="12.844" errors="0" timestamp="2024-07-18T15:33:58 IST">
  <testcase classname="Testing.Signup" name="SolarflowProject" time="1.791"/>
  <testcase classname="Testing.Signup" name="Login" time="0.0">
    <ignored/>
  </testcase> <!-- Login -->
  <testcase classname="Testing.Signup" name="Signup1" time="0.0">
    <ignored/>
  </testcase> <!-- Signup1 -->
</testsuite> <!-- Default test -->
